<?xml version="1.0" encoding="UTF-8" ?>
<testsuites>
  <testsuite errors="0" failures="0" hostname="Nathan" id="0" name="BlocTest" package="test" skipped="0" tests="2" time="0.252" timestamp="2016-06-08T08:17:40">
      <properties>
[...]
</properties>

      <testcase classname="test.BlocTest" name="testGetter" time="0.007" />

      <testcase classname="test.BlocTest" name="testSetter" time="0.0" />

      <system-out><![CDATA[]]></system-out>

      <system-err><![CDATA[]]></system-err>

  </testsuite>
  <testsuite errors="0" failures="0" hostname="Nathan" id="1" name="CouleurTest" package="test" skipped="0" tests="1" time="0.2" timestamp="2016-06-08T08:17:41">
      <properties>
[...]
</properties>

      <testcase classname="test.CouleurTest" name="testEstCouleur" time="0.003" />

      <system-out><![CDATA[]]></system-out>

      <system-err><![CDATA[]]></system-err>

  </testsuite>
  <testsuite errors="0" failures="0" hostname="Nathan" id="2" name="IATest" package="test" skipped="0" tests="1" time="0.189" timestamp="2016-06-08T08:17:43">
      <properties>
[...]
</properties>

      <testcase classname="test.IATest" name="testConstructor" time="0.024" />

      <system-out><![CDATA[]]></system-out>

      <system-err><![CDATA[]]></system-err>

  </testsuite>
  <testsuite errors="0" failures="0" hostname="Nathan" id="3" name="JeuTest" package="test" skipped="0" tests="2" time="0.273" timestamp="2016-06-08T08:17:44">
      <properties>
[...]
</properties>

      <testcase classname="test.JeuTest" name="testConstructeur" time="0.056" />

      <testcase classname="test.JeuTest" name="testNouveauTour" time="0.021" />

      <system-out><![CDATA[Nouveau tour 0 nb joueur 4
]]></system-out>

      <system-err><![CDATA[]]></system-err>

  </testsuite>
  <testsuite errors="0" failures="0" hostname="Nathan" id="4" name="JoueurTest" package="test" skipped="0" tests="2" time="0.207" timestamp="2016-06-08T08:17:45">
      <properties>
[...]
</properties>

      <testcase classname="test.JoueurTest" name="testJouerPiece" time="0.031" />

      <testcase classname="test.JoueurTest" name="testConstructor" time="0.007" />

      <system-out><![CDATA[]]></system-out>

      <system-err><![CDATA[]]></system-err>

  </testsuite>
  <testsuite errors="0" failures="0" hostname="Nathan" id="5" name="MoteurTest" package="test" skipped="0" tests="1" time="0.154" timestamp="2016-06-08T08:17:46">
      <properties>
[...]
</properties>

      <testcase classname="test.MoteurTest" name="testMoteur" time="0.007" />

      <system-out><![CDATA[]]></system-out>

      <system-err><![CDATA[]]></system-err>

  </testsuite>
  <testsuite errors="0" failures="0" hostname="Nathan" id="6" name="PieceTest" package="test" skipped="0" tests="4" time="0.133" timestamp="2016-06-08T08:17:47">
      <properties>
[...]
</properties>

      <testcase classname="test.PieceTest" name="testEquals2" time="0.003" />

      <testcase classname="test.PieceTest" name="testConstructor1" time="0.0" />

      <testcase classname="test.PieceTest" name="testConstructor2" time="0.0" />

      <testcase classname="test.PieceTest" name="testEquals" time="0.004" />

      <system-out><![CDATA[]]></system-out>

      <system-err><![CDATA[]]></system-err>

  </testsuite>
  <testsuite errors="0" failures="1" hostname="Nathan" id="7" name="PlateauTest" package="test" skipped="0" tests="3" time="0.168" timestamp="2016-06-08T08:17:47">
      <properties>
[...]
</properties>

      <testcase classname="test.PlateauTest" name="testTrouveEnterPossible" time="0.011" />

      <testcase classname="test.PlateauTest" name="testPlacePiece" time="0.018">
          <failure type="junit.framework.AssertionFailedError">junit.framework.AssertionFailedError
	at test.PlateauTest.testPlacePiece(Unknown Source)
</failure>

      </testcase>

      <testcase classname="test.PlateauTest" name="testConstructor" time="0.0" />

      <system-out><![CDATA[]]></system-out>

      <system-err><![CDATA[]]></system-err>

  </testsuite>
</testsuites>
