<?xml version="1.0" encoding="UTF-8" ?>
<testsuite errors="0" failures="0" hostname="Nathan" name="test.PieceTest" skipped="0" tests="4" time="0.133" timestamp="2016-06-08T08:17:47">
  <properties>
[...]
</properties>
  <testcase classname="test.PieceTest" name="testEquals2" time="0.003" />
  <testcase classname="test.PieceTest" name="testConstructor1" time="0.0" />
  <testcase classname="test.PieceTest" name="testConstructor2" time="0.0" />
  <testcase classname="test.PieceTest" name="testEquals" time="0.004" />
  <system-out><![CDATA[]]></system-out>
  <system-err><![CDATA[]]></system-err>
</testsuite>
