<?xml version="1.0" encoding="UTF-8" ?>
<testsuites>
  <testsuite errors="0" failures="0" hostname="Nathan" id="0" name="BlocTest" package="test" skipped="0" tests="2" time="0.126" timestamp="2016-06-01T09:45:08">
      <properties>
[...]
</properties>

      <testcase classname="test.BlocTest" name="testGetter" time="0.004" />

      <testcase classname="test.BlocTest" name="testSetter" time="0.0" />

      <system-out><![CDATA[]]></system-out>

      <system-err><![CDATA[]]></system-err>

  </testsuite>
  <testsuite errors="0" failures="0" hostname="Nathan" id="1" name="CouleurTest" package="test" skipped="0" tests="2" time="0.175" timestamp="2016-06-01T09:45:09">
      <properties>
[...]
</properties>

      <testcase classname="test.CouleurTest" name="testToString" time="0.003" />

      <testcase classname="test.CouleurTest" name="testConstructor" time="0.0" />

      <system-out><![CDATA[]]></system-out>

      <system-err><![CDATA[]]></system-err>

  </testsuite>
  <testsuite errors="0" failures="0" hostname="Nathan" id="2" name="MoteurTest" package="test" skipped="0" tests="1" time="0.165" timestamp="2016-06-01T09:45:10">
      <properties>
[...]
</properties>

      <testcase classname="test.MoteurTest" name="testMoteur" time="0.003" />

      <system-out><![CDATA[]]></system-out>

      <system-err><![CDATA[]]></system-err>

  </testsuite>
  <testsuite errors="0" failures="0" hostname="Nathan" id="3" name="PieceTest" package="test" skipped="0" tests="3" time="0.231" timestamp="2016-06-01T09:45:12">
      <properties>
[...]
</properties>

      <testcase classname="test.PieceTest" name="testEquals2" time="0.007" />

      <testcase classname="test.PieceTest" name="testEquals" time="0.0" />

      <testcase classname="test.PieceTest" name="testConstructor" time="0.004" />

      <system-out><![CDATA[]]></system-out>

      <system-err><![CDATA[java.lang.IllegalArgumentException: Parametre null
	at blokus.Piece.<init>(Unknown Source)
	at test.PieceTest.testConstructor(Unknown Source)
	at sun.reflect.NativeMethodAccessorImpl.invoke0(Native Method)
	at sun.reflect.NativeMethodAccessorImpl.invoke(NativeMethodAccessorImpl.java:62)
	at sun.reflect.DelegatingMethodAccessorImpl.invoke(DelegatingMethodAccessorImpl.java:43)
	at java.lang.reflect.Method.invoke(Method.java:497)
	at org.junit.runners.model.FrameworkMethod$1.runReflectiveCall(FrameworkMethod.java:50)
	at org.junit.internal.runners.model.ReflectiveCallable.run(ReflectiveCallable.java:12)
	at org.junit.runners.model.FrameworkMethod.invokeExplosively(FrameworkMethod.java:47)
	at org.junit.internal.runners.statements.InvokeMethod.evaluate(InvokeMethod.java:17)
	at org.junit.runners.ParentRunner.runLeaf(ParentRunner.java:325)
	at org.junit.runners.BlockJUnit4ClassRunner.runChild(BlockJUnit4ClassRunner.java:78)
	at org.junit.runners.BlockJUnit4ClassRunner.runChild(BlockJUnit4ClassRunner.java:57)
	at org.junit.runners.ParentRunner$3.run(ParentRunner.java:290)
	at org.junit.runners.ParentRunner$1.schedule(ParentRunner.java:71)
	at org.junit.runners.ParentRunner.runChildren(ParentRunner.java:288)
	at org.junit.runners.ParentRunner.access$000(ParentRunner.java:58)
	at org.junit.runners.ParentRunner$2.evaluate(ParentRunner.java:268)
	at org.junit.runners.ParentRunner.run(ParentRunner.java:363)
	at junit.framework.JUnit4TestAdapter.run(JUnit4TestAdapter.java:38)
	at org.apache.tools.ant.taskdefs.optional.junit.JUnitTestRunner.run(JUnitTestRunner.java:535)
	at org.apache.tools.ant.taskdefs.optional.junit.JUnitTestRunner.launch(JUnitTestRunner.java:1182)
	at org.apache.tools.ant.taskdefs.optional.junit.JUnitTestRunner.main(JUnitTestRunner.java:1033)
]]></system-err>

  </testsuite>
</testsuites>
